<?xml version="1.0" encoding="UTF-8"?>
<testsuite name="com.dvoiss.sensorannotations.BindOnSensorChangedTest" tests="4" skipped="0" failures="0" errors="0" timestamp="2016-10-23T11:03:54" hostname="dvoiss-macbook" time="0.596">
  <properties/>
  <testcase name="bindOnSensorChangedSucceeds" classname="com.dvoiss.sensorannotations.BindOnSensorChangedTest" time="0.338"/>
  <testcase name="bindOnSensorChangedFailsWithInvalidNumberOfMethodParameter" classname="com.dvoiss.sensorannotations.BindOnSensorChangedTest" time="0.12"/>
  <testcase name="bindOnSensorChangedFailsWithInvalidMethodParameter" classname="com.dvoiss.sensorannotations.BindOnSensorChangedTest" time="0.068"/>
  <testcase name="bindOnSensorChangedFailsWithInvalidAnnotationParameter" classname="com.dvoiss.sensorannotations.BindOnSensorChangedTest" time="0.069"/>
  <system-out><![CDATA[]]></system-out>
  <system-err><![CDATA[]]></system-err>
</testsuite>
