<?xml version="1.0" encoding="UTF-8"?>
<testsuite name="com.dvoiss.sensorannotations.BindOnAccuracyChangedTest" tests="4" skipped="0" failures="0" errors="0" timestamp="2016-10-23T11:03:35" hostname="dvoiss-macbook" time="1.185">
  <properties/>
  <testcase name="bindOnAccuracyChangedFailsWithInvalidNumberOfMethodParameter" classname="com.dvoiss.sensorannotations.BindOnAccuracyChangedTest" time="0.264"/>
  <testcase name="bindOnAccuracyChangedFailsWithInvalidMethodParameter" classname="com.dvoiss.sensorannotations.BindOnAccuracyChangedTest" time="0.206"/>
  <testcase name="bindOnAccuracyChangedSucceeds" classname="com.dvoiss.sensorannotations.BindOnAccuracyChangedTest" time="0.571"/>
  <testcase name="bindOnAccuracyChangedFailsWithInvalidAnnotationParameter" classname="com.dvoiss.sensorannotations.BindOnAccuracyChangedTest" time="0.143"/>
  <system-out><![CDATA[]]></system-out>
  <system-err><![CDATA[]]></system-err>
</testsuite>
