<?xml version="1.0" encoding="UTF-8"?>
<testsuite name="com.dvoiss.sensorannotations.SensorAnnotationsTest" tests="5" skipped="0" failures="0" errors="0" timestamp="2016-10-23T11:03:40" hostname="dvoiss-macbook" time="8.113">
  <properties/>
  <testcase name="nullContextParameterThrowsException" classname="com.dvoiss.sensorannotations.SensorAnnotationsTest" time="7.961"/>
  <testcase name="nullTargetParameterThrowsException" classname="com.dvoiss.sensorannotations.SensorAnnotationsTest" time="0.014"/>
  <testcase name="bindingFrameworkPackagesAreNotCached" classname="com.dvoiss.sensorannotations.SensorAnnotationsTest" time="0.083"/>
  <testcase name="findsNoOpViewBinderWithInvalidConstructor" classname="com.dvoiss.sensorannotations.SensorAnnotationsTest" time="0.021"/>
  <testcase name="validTargetAndNullContextParameterThrowsException" classname="com.dvoiss.sensorannotations.SensorAnnotationsTest" time="0.014"/>
  <system-out><![CDATA[D/SensorAnnotations: Looking up sensor binder for android.app.Application
D/SensorAnnotations: Reached framework class. Abandoning search.
D/SensorAnnotations: Looking up sensor binder for java.lang.Object
D/SensorAnnotations: Reached framework class. Abandoning search.
D/SensorAnnotations: Looking up sensor binder for com.dvoiss.sensorannotations.SensorAnnotationsTest$2Example
D/SensorAnnotations: Not found. Trying superclass java.lang.Object
D/SensorAnnotations: Reached framework class. Abandoning search.
]]></system-out>
  <system-err><![CDATA[No such manifest file: build/intermediates/manifests/full/debug/AndroidManifest.xml
No such manifest file: build/intermediates/manifests/full/debug/AndroidManifest.xml
No such manifest file: build/intermediates/manifests/full/debug/AndroidManifest.xml
No such manifest file: build/intermediates/manifests/full/debug/AndroidManifest.xml
No such manifest file: build/intermediates/manifests/full/debug/AndroidManifest.xml
]]></system-err>
</testsuite>
